d:\work\code\factory\factory\factory\x64\debug\vc140.pdb
d:\work\code\factory\factory\factory\x64\debug\vc140.idb
d:\work\code\factory\factory\factory\x64\debug\main.obj
d:\work\code\factory\factory\factory\x64\debug\vibeplus.obj
d:\work\code\factory\factory\factory\x64\debug\main-opencv.obj
d:\work\code\factory\factory\factory\x64\debug\vibe.obj
d:\work\code\factory\factory\factory\x64\debug\class_factory.obj
d:\work\code\factory\factory\factory\x64\debug\loadmnist.obj
d:\work\code\factory\factory\factory\x64\debug\platenumber.obj
d:\work\code\factory\factory\factory\x64\debug\extractregion.obj
d:\work\code\factory\factory\factory\x64\debug\vibe-background-sequential.obj
d:\work\code\factory\factory\factory\x64\debug\your-main-file-sequential.obj
d:\work\code\factory\factory\x64\debug\factory.ilk
d:\work\code\factory\factory\x64\debug\factory.exe
d:\work\code\factory\factory\x64\debug\factory.pdb
d:\work\code\factory\factory\factory\x64\debug\extractregion.obj.enc
d:\work\code\factory\factory\factory\x64\debug\factory.tlog\cl.command.1.tlog
d:\work\code\factory\factory\factory\x64\debug\factory.tlog\cl.read.1.tlog
d:\work\code\factory\factory\factory\x64\debug\factory.tlog\cl.write.1.tlog
d:\work\code\factory\factory\factory\x64\debug\factory.tlog\link.command.1.tlog
d:\work\code\factory\factory\factory\x64\debug\factory.tlog\link.read.1.tlog
d:\work\code\factory\factory\factory\x64\debug\factory.tlog\link.write.1.tlog
