  main.cpp
d:\work\code\factory\detectflame\factory\source\main.cpp(127): warning C4244: “参数”: 从“double”转换到“int”，可能丢失数据
  flame_detector.cpp
  ExtractRegion.cpp
d:\work\code\factory\detectflame\factory\source\extractregion.cpp(40): warning C4244: “return”: 从“double”转换到“float”，可能丢失数据
d:\work\code\factory\detectflame\factory\source\extractregion.cpp(71): warning C4267: “初始化”: 从“size_t”转换到“int”，可能丢失数据
d:\work\code\factory\detectflame\factory\source\extractregion.cpp(106): warning C4267: “=”: 从“size_t”转换到“int”，可能丢失数据
d:\work\code\factory\detectflame\factory\source\extractregion.cpp(205): warning C4244: “+=”: 从“double”转换到“int”，可能丢失数据
d:\work\code\factory\detectflame\factory\source\extractregion.cpp(206): warning C4244: “+=”: 从“double”转换到“int”，可能丢失数据
d:\work\code\factory\detectflame\factory\source\extractregion.cpp(207): warning C4244: “+=”: 从“double”转换到“int”，可能丢失数据
d:\work\code\factory\detectflame\factory\source\extractregion.cpp(208): warning C4244: “+=”: 从“double”转换到“int”，可能丢失数据
  正在生成代码...
d:\work\code\factory\detectflame\factory\source\extractregion.cpp(215): warning C4715: “extractor”: 不是所有的控件路径都返回值
d:\work\code\factory\detectflame\factory\source\flame_detector.cpp(44): warning C4715: “FlameDetector::extract”: 不是所有的控件路径都返回值
  vibe-background-sequential.c
d:\work\code\factory\detectflame\factory\vibe\vibe-background-sequential.c(269): warning C4018: “<”: 有符号/无符号不匹配
d:\work\code\factory\detectflame\factory\vibe\vibe-background-sequential.c(328): warning C4018: “>”: 有符号/无符号不匹配
d:\work\code\factory\detectflame\factory\vibe\vibe-background-sequential.c(337): warning C4018: “<=”: 有符号/无符号不匹配
d:\work\code\factory\detectflame\factory\vibe\vibe-background-sequential.c(358): warning C4018: “<=”: 有符号/无符号不匹配
d:\work\code\factory\detectflame\factory\vibe\vibe-background-sequential.c(413): warning C4018: “<”: 有符号/无符号不匹配
d:\work\code\factory\detectflame\factory\vibe\vibe-background-sequential.c(580): warning C4018: “<”: 有符号/无符号不匹配
d:\work\code\factory\detectflame\factory\vibe\vibe-background-sequential.c(585): warning C4018: “<”: 有符号/无符号不匹配
d:\work\code\factory\detectflame\factory\vibe\vibe-background-sequential.c(763): warning C4018: “<”: 有符号/无符号不匹配
  Factory.vcxproj -> D:\work\code\Factory\detectflame\Factory\x64\Debug\Factory.exe
  Factory.vcxproj -> D:\work\code\Factory\detectflame\Factory\x64\Debug\Factory.pdb (Partial PDB)
